Empty
Empty
Process: 414895395
Process: 361371569
Kill: 87
Kill: 682
Error
Empty
Error
Error
Process: 899040695
Error
Process: 782339143
Run: 19139699042379240
Process: 646848794
Empty
Error
Empty
Empty
Error
Error
Empty
Error
Run: 71386582998034085
Process: 598506558
Kill: 455
Empty
Empty
Kill: 400
Run: 799352304203662524
Kill: 16
Process: 912799732
Run: 764122135162810937
Run: 633931963105438908
Run: 681810304454559497
Kill: 470
Process: 862401949
Run: 555664827306444662
Run: 532527835925516076
Run: 667779755917737257
Kill: 566
Empty
Kill: 650
Run: 806463695804710848
Process: 985987190
Process: 213809693
Run: 746591115774727249
Empty
Kill: 352
Empty
Empty
Run: 842480525002510730
Process: 858035255
Run: 895447416373609340
Kill: 572
Run: 804444130432137529
Empty
Empty
Run: 730060012979178604
Empty
Empty
Process: 545987260
Run: 706903362042691799
Run: 770432988037869905
Run: 646126014406729007
Empty
Process: 339890518
Process: 545166752
Kill: 395
Run: 798556175401387795
Run: 645193693522941570
Run: 639546298305283251
Kill: 518
Process: 658051198
Error
Kill: 124
Process: 604614182
Run: 898382996907504269
Process: 443011101
Empty
Kill: 342
Empty
Kill: 348
Run: 748508630077694380
Run: 866970196346083480
Run: 837544477035336252
Run: 756774453623400992
Run: 721994602210257320
Empty
Process: 522030573
Empty
Kill: 877
Run: 896677846787235612
Run: 716315332170158651
Kill: 390
Run: 681162495948069750
Kill: 560
Run: 762814627285517450
Kill: 414
Run: 752991240492534862
Run: 730418541164147964
Empty
Kill: 683
Process: 366666084
Kill: 179
Run: 818756508103818095
Kill: 328
Run: 843641157454722130
Process: 399945300
Kill: 98
Kill: 521
Empty
Error
Run: 669033175634865272
Process: 539969489
Process: 891243965
Run: 636083868853585565
Run: 630415566666574486
Run: 575062136385562245
Kill: 687
Run: 620957689264404478
Run: 554506773150479231
Error
Empty
Kill: 637
Run: 539571800565704410
Empty
Kill: 480
Run: 952557125845279325
Kill: 373
Process: 596963507
Kill: 458
Empty
Empty
Run: 914252475515622383
Kill: 16
Kill: 433
Empty
Empty
Process: 667449201
Run: 896704909451187893
Kill: 93
Empty
Run: 882646675354364795
Empty
Empty
Process: 590143895
Empty
Kill: 100
Kill: 415
Run: 848707319562295263
Error
Run: 703054245393887828
Kill: 304
Kill: 798
Kill: 147
Kill: 773
Empty
Empty
Process: 442296071
Kill: 706
Run: 664498355076614548
Kill: 419
Run: 660276117899655264
Process: 758313506
Run: 595401868382244224
Process: 256719022
Empty
Kill: 673
Empty
Run: 588663653722328016
Process: 609879116
Process: 551069612
Run: 476158334385198220
Empty
Run: 423431338993898914
Run: 408809663833987500
Run: 397170404075927216
Run: 392040474138653305
Run: 491560535739555572
Run: 387478257683344030
Run: 382894777043252404
Run: 376308925663993398
Kill: 556
Process: 972301171
Process: 224023885
Empty
Process: 5448664
Kill: 847
Process: 149278960
Run: 513221427082251228
Run: 896465908200923598
Kill: 384
Empty
Run: 495041701068219548
Run: 404179022501180736
Empty
Run: 335191312535433025
Empty
Run: 317764448238169681
Empty
Kill: 705
Run: 314986396872569191
Error
Empty
Run: 876326030956342472
Kill: 774
Run: 789944118562272210
Kill: 556
Run: 406132436104483104
Run: 322080363942877920
Kill: 292
Empty
Run: 605974436422151616
Run: 321626181503755077
Kill: 339
Empty
Process: 109414068
Run: 479024439223477455
Kill: 241
Process: 507171884
Empty
Process: 810127022
Run: 503707337658673362
Kill: 270
Run: 430473778752810944
Process: 756811338
Empty
Process: 29453181
Run: 417303373497298962
Process: 906575003
Empty
Process: 124745700
Process: 697741619
Run: 614987825739939536
Run: 377666482609089900
Run: 373136282849122560
Kill: 20
Process: 752076484
Empty
Process: 72411483
Kill: 892
Run: 344353210918452366
Empty
Process: 679483972
Kill: 84
Process: 258961667
Empty
Process: 296264243
Kill: 463
Process: 398196299
Run: 716592114991390240
Empty
Run: 440024040465663840
Run: 311046881512540152
Kill: 512
Kill: 55
Kill: 38
Process: 240735907
Empty
Run: 632222406124273030
Run: 305508201745076239
Empty
Process: 200047183
Empty
