571822
107870
581554
508270
229140
327452
81470
241262
579750
581554
581554
266712
529354
571822
581554
570594
581554
581554
266712
571822
266712
581554
266712
548566
570594
416208
266712
454418
581554
581554
581554
581554
576992
581554
306618
474488
581554
266712
581554
266712
232030
581554
185584
581554
581554
581554
581554
552350
581554
579750
581554
529354
416208
424278
581554
581554
581554
127426
266712
266712
512164
581554
538604
581554
581554
558298
581554
558298
581554
345156
581554
345156
581554
456222
160738
581554
581554
581554
581554
512164
461938
579750
528300
581554
581554
579750
581554
521010
581554
346184
581554
114720
581554
545892
558298
266712
422836
581554
581554
581554
581554
434048
581554
571822
508270
581554
232030
266712
199772
558298
405098
320200
-22280
568790
212824
581554
416208
579750
581554
581554
581554
528300
581554
426082
581554
581554
118648
542130
581554
536756
345156
529354
581554
579750
581554
581554
581554
581554
471516
581554
576992
203700
535830
297188
456222
215448
473082
581554
581554
581554
456222
581554
581554
581554
231530
521010
581554
570594
287456
581554
581554
486404
581554
581554
426082
426082
296592
266712
345156
571822
576992
229140
581554
581554
439062
530894
581554
579750
474488
396842
581554
581554
364216
581554
581554
581554
581554
581554
581554
266712
581554
581554
241262
297188
118648
581554
266712
552350
581554
581554
581554
266712
581554
581554
488272
203700
581554
570594
318826
460556
581554
266712
581554
581554
581554
529498
581554
581554
581554
437304
581554
223552
581554
581554
581554
581554
416208
581554
456222
581554
538604
581554
453226
198616
581554
32748
495882
340024
581554
512164
167972
29692
581554
570594
266712
581554
266712
581554
581554
579750
581554
392894
581554
203700
96364
266712
581554
581554
396842
581554
438946
581554
474488
579750
373300
266712
471516
581554
396842
581554
266712
460452
567328
529354
455270
581554
266712
581554
571822
581554
570594
581554
581554
581554
581554
581554
266712
581554
581554
570594
456222
581554
400908
581554
581554
581554
581554
581554
581554
581554
256266
387110
581554
581554
542396
581554
409634
530894
581554
581554
581554
552350
521010
422836
581554
579750
558298
581554
581554
581554
530894
581554
581554
581554
266712
581554
456222
396842
69652
429946
581554
437304
498642
581554
570594
579750
460556
581554
203700
538604
581554
266712
241262
581554
579750
149326
563220
581554
581554
581554
581554
581554
581554
581554
581554
266712
454804
581554
266712
198616
523926
581554
411876
266712
489776
570594
579750
581554
491806
335688
389292
530894
266712
581554
266712
521010
416208
581554
581554
581554
581554
521010
426082
576992
581554
529354
581554
521010
318118
530894
579750
416208
426082
581554
345156
581554
266712
581554
581554
414404
164544
581554
90684
552350
424278
560862
493618
241262
230306
581554
266712
581554
205040
581554
579750
581554
581554
581554
456222
581554
579750
581554
581554
581554
581554
579750
581554
282206
281332
571822
411646
528300
317578
581554
210416
581554
571822
266712
266712
538604
519138
581554
266712
430352
581554
581554
581554
581554
530894
581554
521010
521010
581554
171872
581554
545896
581554
416208
581554
581554
570594
387026
266712
581554
206938
466748
280104
471516
96364
556522
133836
453226
581554
537468
399580
581554
581554
308194
420902
581554
528300
278556
505044
581554
581554
396842
579750
581554
581554
266712
571822
579750
571822
530894
266712
96352
581554
424278
426082
579750
581554
581554
266712
581554
581554
545470
581554
571822
581554
293932
237194
474488
180372
581554
382924
474488
471516
416350
345156
414404
266712
581554
581554
581554
581554
571822
570594
266712
581554
538604
581554
576992
581554
471516
456222
581554
581554
552350
571822
507318
581554
482960
579750
581554
571822
395678
179000
581554
203700
521010
542396
528300
581554
581554
579750
581554
571822
581554
581554
333286
581554
225180
552350
581554
563220
489502
581554
579750
289516
484718
201896
437302
320974
581554
579750
581554
581554
394626
297188
581554
581554
196756
499952
513584
581554
581554
581554
579750
581554
581554
335688
456222
166704
581554
446418
258110
-6936
581554
512164
581554
581554
260312
581554
581554
581554
581554
581554
581554
581554
571822
571822
552350
225180
31234
581554
538604
581554
581554
576992
530894
581554
346834
581554
581554
266712
392894
521010
356708
581554
581554
538604
581554
581554
266712
581554
581554
581554
581554
581554
581554
581554
519138
570594
579750
581554
528300
581554
581554
552350
266712
558298
87190
581554
581554
266712
581554
581554
571822
581554
552350
392894
581554
135330
8124
266712
567328
512164
581554
581554
581554
581554
258110
214788
258646
345156
571822
550546
581554
558298
581554
232030
521132
581554
512164
538604
581554
581554
512164
266712
521010
581554
527252
581554
581554
570594
118648
581554
203700
581554
456222
581554
581554
581554
420902
229140
581554
581554
581554
581554
153696
581554
581554
581554
396842
581554
581554
556494
581554
289090
456222
581554
581554
305700
579750
581554
581554
581554
212824
581554
581554
250192
581554
214788
579750
524544
345156
454812
446490
477402
581554
571822
581554
581554
416208
581554
457524
345516
488908
548434
454812
581554
581554
414404
479558
153040
396842
581554
522414
581554
476080
581554
581554
426082
426082
244990
581554
581554
581554
581554
521010
581554
581554
223294
581554
581554
581554
581554
394860
581554
581554
581554
581554
581554
521010
581554
581554
581554
479558
183690
266712
581554
289516
521010
160738
581554
570594
581554
581554
570594
416208
199772
581554
474488
471516
266712
308234
579750
134326
571822
241262
581554
581554
581554
266712
423758
581554
558298
174448
581554
581554
160738
581554
266260
530894
581554
471516
581554
581554
519138
581554
571822
581554
521010
581554
581554
345156
530894
530894
581554
581554
570594
581554
581554
581554
581554
174448
266712
581554
241262
581554
521010
266712
512594
133836
518394
456854
581554
581554
392894
552350
193958
497922
528300
581554
124028
512164
581554
570594
581554
581554
579750
219886
581554
581554
581554
581554
581554
581554
536756
571822
581554
581554
266712
581554
581554
581554
576992
416208
581554
579750
581554
373258
581554
581554
581554
581554
581554
167412
579750
526556
266712
284612
581554
579750
371426
387110
581554
474488
454804
528300
266712
396842
581554
568790
81470
289516
153684
576416
581554
571822
521010
581554
101704
581554
511186
266712
581554
438946
581554
581554
581554
396842
581554
581554
581554
581554
581554
283376
581554
581554
581554
521010
266712
345156
581554
581554
530894
581554
581554
468006
571822
581554
581554
564396
581554
396842
241262
552350
581554
581554
479558
581554
581554
579750
512164
581554
570594
581554
581554
581554
521010
576992
581554
519612
581554
490480
446418
160738
474488
579750
530894
505392
426082
570594
581554
446948
581554
581554
581554
581554
414684
203700
570594
581554
203700
576992
581554
297188
570594
552350
581554
581554
446418
571822
571822
517340
559508
581554
581554
581554
581554
581554
474488
579750
581554
571822
581554
552350
581554
581554
579750
581554
581554
581554
581554
426082
211974
466012
379296
581554
571822
230476
581554
266712
581554
529354
581554
581554
581554
581554
530894
482960
581554
581554
199430
571822
581554
581554
416208
219394
581554
122224
581554
581554
581554
474488
581554
570594
581554
581554
579750
396842
229140
581554
423758
581554
581554
528300
581554
581554
155678
581554
136212
581554
229748
581554
521010
581554
581554
581554
538604
581554
571822
581554
581554
558298
581554
203700
149326
579750
266712
581554
521010
581554
534250
266712
346834
581554
581554
571822
581554
266712
581554
278086
581554
581554
416350
345156
581554
521010
266712
266712
89456
576992
416208
581554
512180
101704
581554
558298
581554
581554
571822
581554
576992
180812
581554
106734
512164
579750
581554
372304
521010
200316
266712
579750
581554
581554
396842
581554
581554
581554
581554
581554
581554
581554
581554
396842
508178
571822
129310
266712
160738
581554
558298
529354
133836
345156
581554
426082
581554
512164
521010
512164
579750
156396
576992
581554
581554
581554
581554
114296
581554
581554
266712
558298
581554
581554
581554
581554
266712
426082
581554
415056
581554
199772
581554
446418
266712
581554
581554
581554
423218
581554
581554
581554
581554
392894
571822
581554
387206
312948
423552
581554
570594
581554
581554
581554
141284
225180
581554
581554
423488
581554
581554
581554
581554
581554
581554
538604
581554
581554
581554
266712
552350
581554
581554
581554
581554
581554
581554
581554
119958
404592
581554
411876
426992
581554
579750
581554
439562
581554
581554
581554
581554
571822
581554
529354
581554
488908
456222
579750
581554
289516
581554
378234
581554
266712
581554
581554
581554
571822
581554
266712
266712
438374
232030
581554
571822
266712
416208
581554
521010
579750
581554
449854
229442
219532
497754
579750
581554
581554
581554
581554
581554
517340
406476
581554
501204
516126
512004
555270
581554
422836
581554
345156
581554
143320
581554
581554
517924
581554
266712
439742
560862
581554
581554
275766
581554
581554
581554
139260
468662
581554
581554
581554
570594
576416
581554
581554
521010
579750
266712
581554
528300
494338
581554
581554
528300
229442
266712
581554
426082
581554
464470
375392
581554
581554
229140
570594
581554
427562
581554
579750
571822
581554
571822
512180
266712
456222
581554
199772
581554
266712
528300
581554
528300
424284
266712
266712
581554
581554
581554
581554
581554
581554
581554
581554
581554
570594
581554
558298
581554
581554
416208
203700
581554
581554
104682
581554
190040
560862
266712
571822
570594
581554
581554
581554
581554
581554
229442
581554
88738
542396
538604
528300
206938
229140
581554
581554
570594
392894
458568
581554
392894
509014
581554
581554
581554
552350
538604
581554
266712
581554
581554
581554
266712
581554
581554
324122
426082
186320
517784
468860
520996
581554
581554
513426
581554
210416
581554
581554
571822
581554
581554
368778
581554
214788
581554
456222
581554
581554
266712
479558
570594
175990
581554
581554
581554
276354
581554
581554
538604
512180
266712
395678
581554
581554
426082
581554
581554
581554
581554
198616
571822
581554
266712
581554
581554
366974
581554
416208
581554
581554
529354
241262
581554
530894
570594
266712
581554
229442
581554
581554
581554
581554
581554
581554
581554
571822
571822
581554
416208
266712
471068
581554
581554
456222
581554
581554
521010
423758
266712
581554
203700
581554
581554
236700
581554
241262
581554
581554
-5434
571822
581554
426082
521010
229442
242806
560862
581554
581554
528300
453226
581554
530894
581554
571822
581554
396842
581554
571822
558298
558298
571822
581554
581554
141128
409634
484940
581554
581554
581554
581554
396842
579750
581554
581554
581554
521010
581554
581554
529354
581554
581554
581554
581554
581554
381482
581554
576992
581554
581554
396842
579750
579750
581554
581554
581554
581554
571822
581554
552350
461938
581554
581554
581554
581554
581554
581554
266712
556648
581554
570970
581554
581554
581554
581554
270956
266712
510050
581554
203700
545896
581554
581554
581554
571822
571822
581554
174448
581554
239040
557380
581554
510050
581554
581554
581554
461938
581554
396842
266712
102954
214028
581554
581554
521010
581554
345156
366472
134310
521010
528300
581554
581554
499726
581554
581554
581554
581554
581554
581554
581554
345156
521010
456302
581554
250192
517340
581554
103150
581554
396842
581554
581554
579750
471516
581554
581554
521010
581554
581554
581554
581554
581554
581554
560846
581554
383056
515348
581554
86632
581554
581554
581554
581554
581554
581554
581554
581554
468860
581554
581554
581554
581554
-54972
416208
570594
160756
581554
581554
581554
438946
581554
281460
446490
499726
426082
576992
530894
456222
581554
501204
581554
567644
422836
581554
581554
456222
456222
560846
581554
581554
491480
581554
266712
499096
505044
581554
474488
426082
345156
581554
529354
570594
581554
368778
581554
579750
521010
581554
510050
199772
581554
570594
466858
581554
579750
265348
581554
214028
266712
456222
365080
581554
416208
581554
581554
581554
579750
266712
581554
528300
534250
258782
581554
570594
550546
581554
581554
581554
581554
579750
581554
481586
266712
579750
581554
581554
545896
581554
512164
95798
581554
576992
581554
416208
581554
133836
581554
581554
581554
426082
304840
510050
581554
581554
581554
571822
581554
581554
392894
581554
581554
581554
266712
266712
581554
416208
581554
581554
579750
266712
530894
512164
579750
199772
529354
225180
581554
581554
581554
570594
81470
581554
229140
581554
581554
581554
521010
581554
522414
571822
381934
530894
515348
581554
351512
581554
368778
266712
392972
581554
581554
127442
122224
571822
570594
134326
581554
266712
581554
581554
532982
530894
-5632
203700
581554
581554
416208
581554
581554
581554
133836
579750
563220
581554
581554
581554
581554
509382
521010
530894
464756
581554
392894
471516
581554
214788
581554
581554
345156
467158
581554
552350
581554
289516
538604
266712
581554
456222
216730
289516
581554
581554
571822
189690
581554
446490
455852
581554
581554
581554
581554
581554
581554
203700
552350
266712
581554
422836
581554
581554
581554
581554
512164
461404
581554
581554
130382
581554
581554
581554
581554
521010
396842
581554
424278
581554
581554
266712
337990
581554
581554
203700
119958
266712
581554
266712
581554
581554
581554
392894
581554
446418
581554
581554
499726
581554
266712
581554
416208
528300
581554
581554
581554
570594
581554
581554
581554
581554
581554
581554
266712
581554
581554
581554
581554
203700
266712
203700
581554
581554
426082
581554
133836
426082
512180
199772
581554
560846
426082
512180
581554
214788
571822
521010
330152
474488
581554
581554
581554
581554
266712
409742
579750
581554
396842
529354
581554
254234
581554
581554
581554
581554
581554
570594
266712
581554
521010
581554
529354
530894
501866
223294
415928
266712
468662
581554
581554
515348
579750
581554
581554
229140
579750
581554
581554
137244
581554
567328
258110
266712
581554
581554
581554
571822
581554
536164
581554
581554
581554
438946
581554
571822
250192
581554
541530
581554
581554
284022
579750
581554
581554
581554
581554
396842
571822
164542
581554
345156
515348
581554
581554
581554
203700
345156
214788
576416
266712
581554
266712
266712
581554
203700
527656
422836
240402
581554
581554
558298
581554
581554
581554
414684
581554
512164
546182
581554
581554
500434
581554
521010
581554
482976
456222
581554
581554
581554
581554
558298
468662
581554
581554
552350
581554
538604
100416
581554
392894
518394
579750
568790
422836
571822
581554
512164
266712
581554
546792
508178
416350
581554
581554
581554
576992
581554
581554
579750
266712
581554
581554
198616
581554
210600
581554
528300
581554
203700
581554
199772
229140
528300
581554
579750
210416
581554
345156
579750
558298
530894
521010
521010
405098
515348
448260
581554
203700
560862
392894
474488
581554
579750
508270
581554
581554
568790
396842
581554
581554
581554
266712
581554
266712
153696
362674
581554
574424
193968
581554
581554
581554
581554
254238
581554
581554
553802
474488
416208
552350
335424
581554
579750
579750
581554
581554
581554
581554
581554
423218
581554
581554
529354
456222
581554
266712
571822
581554
392894
581554
581554
326688
581554
581554
521010
581554
266712
563220
571822
581554
581554
581554
552350
581554
581554
581554
92334
581554
446418
497310
528300
581554
579750
579750
521010
581554
266712
581554
570594
581554
581554
581554
266712
521010
381934
581554
521010
581554
414984
521010
581554
266712
474488
375006
463840
581554
266712
266712
529354
581554
581554
581554
570594
191532
521010
278472
521010
530894
581554
528300
158674
345156
286624
438946
530894
579750
471516
581554
241262
581554
581554
581554
233554
552350
571822
581554
529354
426992
581554
581554
581554
396842
581554
581554
581554
571822
266712
581554
581554
581554
494338
501204
581554
570594
229766
571822
457590
581554
581554
530894
556522
581554
570594
581554
581554
368778
266712
581554
581554
216730
464756
581554
581554
581554
581554
433124
570594
530894
581554
90684
581554
581554
422836
581554
579750
266712
579750
581554
581554
316422
214788
581554
193968
581554
266712
581554
581554
281332
453226
240402
581554
579750
581554
441308
416350
371034
570594
581554
581554
581554
581554
581554
491480
581554
581554
133836
544072
581554
519138
501204
581554
571822
273726
552350
396842
521010
426082
581554
581554
581554
579750
581554
468662
266712
581554
345156
581554
160738
186320
581554
266712
491806
581554
201896
179000
562592
315524
581554
579750
581554
581554
581554
345156
581554
581554
581554
558298
449854
512164
581554
521010
266712
581554
581554
581554
563220
266712
229140
420902
581554
581554
581554
568454
406476
506098
512164
581554
250192
581554
581554
581554
512180
198616
439742
560846
266712
150446
416208
581554
266712
521010
437304
581554
456222
581554
426082
456222
581554
571822
581554
581554
581554
426082
581554
581554
581554
571822
512180
581554
368778
581554
581554
581554
203828
570594
579750
581554
521010
581554
253854
581554
266712
538604
581554
581554
581554
581554
579750
581554
396842
521010
266712
581554
581554
581554
266712
579750
421520
581554
474488
581554
444628
581554
558298
90100
581554
581554
581554
321916
581554
530894
581554
426082
214028
578218
581554
581554
454418
456222
581554
155616
96364
345156
581554
581554
581554
581554
579750
581554
581554
581554
521010
396842
355704
558298
416208
581554
581554
581554
581554
193968
556522
581554
571822
198616
581554
581554
266712
468662
581554
186320
581554
581554
581554
266712
302206
558298
581554
581554
581554
536756
581554
499726
581554
199772
581554
581554
581554
203700
581554
581554
581554
581554
232030
414984
581554
581554
538604
345156
581554
538604
198616
581554
579750
581554
581554
198616
570594
521010
558298
266712
512048
266712
581554
581554
579750
128718
266712
581554
133836
266712
581554
579750
581554
581554
581554
581554
581554
581554
581554
581554
581554
289516
163088
581554
581554
345156
581554
133836
579750
581554
581554
409634
199468
581554
101704
521010
266712
552350
581554
426082
571822
396842
581554
369638
581554
581554
579750
581554
581554
581554
581554
581554
558298
581554
517340
581554
581554
581554
581554
214028
214788
528300
571822
409048
358292
143320
297188
203700
528300
266712
570594
581554
581554
571822
581554
581554
581554
581554
570594
581554
129458
203700
581554
581554
581554
581554
581554
581554
519138
581554
372828
171394
266712
414404
127426
581554
581554
396842
570594
488908
581554
571822
581554
512164
581554
528300
581554
350444
581554
512164
266712
581554
528300
214028
581554
568790
198616
581554
581554
581554
581554
461586
327452
423758
510540
581554
266712
396842
581554
581554
571822
581554
571822
396842
560862
581554
581554
512164
571822
550546
581554
581554
396842
581554
534250
561934
581554
199772
199772
581554
581554
471516
581554
570594
581554
538604
581554
281332
581554
581554
581554
581554
426082
581554
581554
581554
521010
179608
396842
193968
396842
215448
581554
266712
335424
534250
581554
581554
530894
581554
127442
581554
508826
396842
581554
530894
229140
426082
363148
528300
535830
229140
581554
266712
579750
581554
581554
335424
581554
321896
426082
581554
579750
579750
454804
266712
268048
581554
297188
581554
581554
521010
529354
542618
581554
581554
512164
512180
581554
530894
197968
281332
581554
396842
570594
558298
571822
581554
581554
581554
571822
581554
545892
581554
570594
581554
581554
141128
581554
291902
581554
446418
570594
581554
581554
581554
556494
266712
581554
581554
581554
416208
581554
581554
210416
581554
581554
340230
581554
581554
581554
581554
203700
568790
581554
579750
581554
581554
581554
576992
266712
266712
521010
266712
512180
581554
340594
349538
581554
571822
266712
510050
581554
560862
102338
581554
581554
581554
148052
581554
446490
388670
581554
581554
581554
581554
345156
288968
133836
526450
581554
552350
581554
519138
581554
579750
266712
266712
266712
437304
368778
522414
266712
581554
581554
345156
581554
581554
570594
581554
581554
513426
521010
581554
581554
521010
251412
581554
198616
581554
581554
552350
581554
581554
581554
266712
581554
581554
581554
530894
414492
297188
426082
581554
515348
266712
581554
581554
538604
392894
203700
570594
392894
581554
266712
581554
266712
581554
426082
581554
570594
266712
581554
581554
581554
581554
581554
512180
581554
201896
149456
576992
581554
512180
581554
579750
581554
579750
581554
299404
581554
581554
581554
579750
581554
581554
530894
345156
581554
581554
521010
581554
450904
581554
581554
538604
266712
158350
581554
446490
266712
579750
581554
446490
581554
183208
579750
521010
581554
426082
474488
186320
581554
581554
203828
396842
581554
579750
581554
581554
581554
297188
581554
576992
281460
579750
571822
581554
456302
581554
581554
581554
581554
581554
519934
196756
581554
528300
581554
581554
510050
581554
529354
581554
581554
199772
143320
581554
395776
581554
345516
345156
570594
528300
571822
241262
581554
581554
581554
396842
581554
386644
474488
556494
266712
581554
581554
581554
257330
581554
579750
581554
579750
581554
581554
581554
558298
396842
279818
581554
512180
581554
581554
414984
250192
521010
581554
144926
581554
479558
581554
581554
581554
570594
416208
384304
581554
581554
521010
581554
266712
253096
570594
530894
581554
581554
571822
581554
581554
266712
571822
581554
231168
579750
581554
550546
581554
581554
581554
581554
521010
581554
581554
528300
581554
538604
471516
171872
581554
482960
515348
356708
158674
553736
581554
581554
581554
581554
229140
429040
392894
198616
581554
423758
376134
581554
581554
266712
530894
172634
581554
389292
581554
581554
558298
581554
203700
581554
171696
529354
421520
581554
530894
581554
198616
581554
581554
512180
530894
359046
491480
581554
454668
581554
266712
534250
266712
581554
581554
581554
581554
581554
570970
581554
579750
581554
118648
581554
225180
581554
581554
579750
423758
232030
581554
266712
581554
571822
179000
581554
581554
581554
581554
509400
360088
581554
581554
581554
581554
571822
345156
558298
581554
581554
266712
512180
414404
581554
519138
571822
581554
566032
387110
424278
266712
581554
266712
581554
560862
203700
521010
581554
581554
581554
581554
581554
579750
581554
581554
581554
419098
581554
266260
581554
139766
456222
581554
262150
203700
571822
521010
491806
160738
345156
581554
581554
581554
581554
581554
545896
467256
581554
581554
266712
266712
581554
512164
581554
581554
581554
368778
512164
581554
581554
241262
581554
123754
345156
581554
581554
581554
133836
570594
547720
571822
170954
581554
581554
581554
581554
336298
558298
266712
334606
548434
581554
345156
538604
581554
581554
581554
581554
581554
581554
266712
581554
476038
581554
581554
581554
513584
581554
581554
581554
529354
579750
521010
474488
558298
262218
581554
581554
198616
581554
581554
558298
581554
528300
396842
581554
266712
581554
515348
581554
426082
266712
581554
552350
581554
453226
521010
581554
581554
529354
387110
581554
581554
160738
531692
581554
453226
581554
581554
530894
581554
416208
581554
521010
579750
581554
266712
515348
581554
266712
560846
581554
576992
581554
201896
201896
579750
581554
581554
529354
581554
581554
521010
581554
297188
570594
581554
427986
581554
564396
581554
581554
581554
581554
581554
345156
201896
521010
581554
456222
404592
581554
499726
581554
528300
581554
581554
528300
581554
581554
558298
177254
581554
522414
422836
581554
581554
571822
239458
560862
570594
581554
579750
581554
306618
581554
198616
581554
581554
581554
581554
579750
581554
528300
581554
581554
560846
190040
571822
581554
501220
581554
571822
581554
581554
521010
579750
214028
538604
229140
581554
298640
581554
423488
581554
526556
579750
581554
581554
581554
581554
581554
581554
581554
570594
581554
208226
521010
359046
454418
581554
581554
552350
141564
581554
266712
581554
538604
581554
581554
266712
581554
581554
297188
579750
564396
581554
581554
579750
230476
581554
153034
416208
581554
570594
581554
375422
183690
581554
456222
324856
343352
581554
581554
31026
581554
581554
521010
368778
581554
345156
368778
302206
581554
579750
266712
396842
581554
581554
581554
396842
581554
581554
576992
581554
570594
581554
581554
530894
195754
581554
266712
571822
416208
581554
581554
581554
402968
571822
581554
576992
521010
581554
528300
570594
579750
581554
581554
571822
456222
458282
581554
581554
581554
266712
581554
581554
497310
581554
203828
495324
581554
268378
581554
581554
581554
581554
581554
232030
581554
422836
508270
405098
581554
581554
501454
581554
581554
579750
446490
581554
521010
581554
581554
297188
160738
152972
581554
579750
528300
581554
581554
581554
581554
581554
581554
581554
528300
474488
581554
581554
581554
79846
266712
266712
289516
512164
581554
581554
581554
576992
471516
581554
581554
581554
581554
581554
232030
581554
581554
544088
474488
558298
266712
266712
581554
581554
516126
559336
581554
79266
570594
581554
581554
581554
581554
266712
581554
499726
581554
519138
499952
581554
329246
581554
581554
229442
581554
203700
581554
581554
189690
266712
581554
570594
581554
581554
521010
166704
581554
579750
361176
581554
571822
203700
581554
521010
581554
581554
581554
521010
571822
581554
581554
536756
266712
581554
581554
581554
581554
414984
581554
581554
581554
503386
387110
526966
266712
581554
366148
457590
581554
581554
581554
512164
581554
581554
581554
579750
581554
570594
581554
581554
528300
266712
581554
571822
552350
446418
519138
549886
530894
521010
521010
515348
581554
581554
90684
581554
581554
266712
581554
118648
570594
581554
533308
521010
581554
96936
278556
581554
581554
581554
581554
556522
570594
581554
426082
560862
214028
345156
236700
215448
581554
571822
581554
416208
571822
579750
576992
581554
581554
416208
581554
581554
581554
521010
521010
570594
581554
581554
542618
530894
426082
581554
581554
579750
581554
581554
581554
581554
386832
581554
392894
581554
581554
579750
581554
266712
581554
579750
581554
581554
266712
521010
581554
581554
581554
427562
426082
581554
581554
552350
223294
581554
266712
581554
581554
571822
392894
581554
581554
579750
266712
545896
581554
505044
439742
203700
81470
581554
581554
581554
581554
581554
581554
581554
581554
581554
570594
521010
581554
471516
581554
503386
499952
581554
576992
581554
576416
579750
268514
581554
571822
581554
581554
521010
528300
581554
426082
581554
266712
581554
581554
552350
528300
558298
266712
576992
515348
86632
558298
581554
422836
581554
214788
479558
266712
581554
215264
581554
545896
372828
581554
581554
512164
581554
100416
552350
581554
581554
387206
570888
203700
581554
571822
581554
521010
581554
229140
266712
579750
266712
581554
581554
149326
256606
581554
581554
581554
581554
552350
119958
581554
468662
160738
581554
528300
521010
83696
579750
509400
581554
517340
571822
278086
203700
581554
581554
581554
581554
581554
579750
581554
529354
548566
-73542
581554
581554
479558
426082
581554
229140
427986
581554
240402
581554
581554
581554
581554
262218
266712
553352
558298
581554
570594
581554
552350
416350
581554
581554
100416
581554
581554
581554
262150
581554
581554
581554
581554
160738
426082
581554
581554
528300
581554
581554
416208
581554
570594
524544
579750
581554
581554
581554
581554
479558
199468
581554
164222
266712
581554
581554
581554
581554
581554
571822
581554
581554
581554
581554
545892
581554
266712
581554
581554
579750
581554
426082
581554
581554
581554
581554
581554
581554
571822
424278
214028
266712
396842
581554
581554
581554
278086
581554
581554
530894
199772
581554
571822
581554
581554
581554
409634
571822
581554
581554
558298
581554
570594
552350
581554
266712
581554
581554
345156
550546
581554
581554
294496
581554
571822
571822
345156
461938
266712
581554
581554
570594
381934
266712
581554
228264
581554
581554
581554
423758
581554
581554
570594
517340
581554
579750
521010
581554
529354
581554
581554
345156
426082
581554
571822
581554
460912
570594
552350
581554
474488
372828
581554
266712
266712
581554
581554
238382
581554
581554
76348
491806
581554
581554
335688
203700
571822
581554
581554
521010
521010
581554
119958
426082
474488
581554
581554
489502
581554
581554
581554
581554
581554
581554
521010
266712
352798
581554
189000
581554
198616
581554
266712
581554
137372
581554
581554
153040
187592
579750
521010
581554
581554
581554
581554
416208
581554
581554
581554
581554
571822
581554
508052
581554
581554
345156
581554
188008
581554
581554
581554
133836
189062
266712
456222
235118
581554
581554
581554
571822
426082
396842
576416
198616
521010
581554
579750
570594
581554
581554
555270
579750
581554
581554
581554
581554
571822
581554
571822
581554
576992
581554
581554
581554
530894
581554
432734
581554
581554
581554
506098
334080
581554
581554
581554
416208
581554
581554
429024
581554
240402
581554
581554
581554
452550
229140
345156
538604
233856
581554
581554
180372
581554
581554
581554
581554
438392
85780
512180
456222
581554
581554
478802
568790
581554
581554
345156
581554
581554
174448
541424
570594
313614
456222
579750
581554
185584
133836
368778
503386
581554
187090
495496
206936
379296
581554
552350
214788
458930
581554
214028
581554
581554
581554
521010
581554
581554
581554
229140
581554
158674
134326
581554
581554
512164
203700
571822
581554
581554
581554
198616
282442
194212
571822
581554
581554
521010
581554
581554
494338
512180
581554
368778
581554
266712
297188
203700
581554
521010
124028
266712
581554
581554
196756
570594
266712
460436
581554
529354
581554
581554
581554
416208
230476
479770
545896
510280
581554
521010
357392
570594
581554
581554
581554
459444
581554
581554
489502
100416
198616
581554
405562
528300
396842
239458
266712
266712
581554
581554
552350
579750
581554
581554
266712
521010
581554
521010
581554
581554
232030
528300
521010
581554
505616
558298
512180
581554
581554
581554
571822
581554
581554
536756
553352
581554
526450
581554
581554
581554
210416
266712
538604
581554
581554
446418
512180
581554
512164
581554
203700
515348
581554
581554
581554
512180
581554
198616
581554
581554
581554
153696
457590
225180
266712
345156
581554
501200
421234
581554
396842
423488
581554
581554
581554
581554
581554
581554
571822
515348
581554
581554
266712
581554
581554
437938
579750
581554
581554
581554
581554
579750
581554
579750
396842
581554
289516
515348
581554
581554
131400
446418
581554
581554
581554
416208
581554
581554
199772
581554
581554
571822
581554
581554
581554
581554
570594
581554
581554
581554
581554
581554
10610
581554
556648
579750
581554
581554
581554
579750
579750
581554
279528
387206
581554
581554
214028
581554
160738
581554
190040
581554
534250
421520
471516
581554
538604
119958
581554
581554
521010
581554
232030
581554
581554
581554
266712
581554
581554
266712
385944
581554
581554
558298
581554
548566
568790
199772
396842
581554
581554
266712
581554
579750
455970
581554
581554
499726
581554
560862
581554
504696
453226
581554
526556
214028
552350
521010
581554
581554
266712
581554
310948
581554
581554
579750
581554
581554
570594
581554
571822
581554
581554
521010
581554
581554
581554
568790
581554
581554
528300
581554
524544
581554
581554
581554
203700
581554
387262
581554
479066
581554
528300
198616
581554
581554
266712
581554
266712
571822
581554
581554
579750
581554
424306
-39404
437304
581554
552350
571822
289516
392894
581554
501204
519206
571822
581554
581554
424278
538604
163334
505392
581554
340230
456222
229140
558298
581554
581554
581554
581554
297188
581554
581554
266712
240402
581554
266712
581554
558298
581554
581554
581554
581554
521010
92222
527656
538604
581554
266712
489502
422836
581554
160738
529354
519934
384304
521010
521010
426082
581554
501608
581554
571822
250192
529354
576992
581554
581554
570594
230476
529354
487436
581554
581554
581554
581554
266712
581554
571822
414984
581554
581554
365538
581554
581554
521010
581554
581554
581554
581554
570594
581554
266712
581554
581554
581554
570594
571822
315524
82994
581554
581554
581554
426082
454804
581554
479620
581554
203700
571822
581554
581554
396842
581554
581554
345156
581554
581554
581554
179000
547736
548566
581554
581554
581554
581554
581554
345156
581554
581554
581554
394370
581554
530894
200316
581554
581554
576992
581554
579750
521010
581554
521010
203700
240402
581554
266712
581554
581554
556648
576992
581554
581554
193968
581554
264606
581554
558298
266712
501220
456222
581554
438946
266712
396842
581554
581554
581554
581554
581554
581554
581554
570594
581554
349538
214788
581554
581554
581554
552350
571822
581554
529354
571822
266712
581554
510050
453226
471516
521010
581554
581554
479558
581554
581554
438946
581554
581554
581554
581554
393632
581554
552350
250192
581554
266712
243310
537198
362096
179000
571822
581554
581554
340230
297188
191532
581554
485058
322720
581554
193968
581554
581554
581554
579750
581554
581554
581554
266712
489502
581554
581554
571822
581554
581554
581554
444588
240402
581554
581554
581554
368778
528300
581554
581554
406572
581554
571822
456222
581554
581554
266712
581554
266712
581554
392894
581554
581554
581554
581554
521010
359096
579750
581554
581554
563220
266712
174448
581554
581554
581554
266712
581554
198616
570594
427394
581554
534238
581554
529354
581554
505044
266712
556494
522414
581554
185584
420792
581554
581554
581554
581554
456222
581554
581554
581554
8252
581554
579750
581554
579024
570594
266712
266712
558298
570594
426082
84170
488442
581554
266712
581554
581554
579750
581554
451660
581554
581554
581554
416208
581554
581554
571822
581554
266712
581554
505044
581554
266712
529354
558298
581554
528300
266712
26344
266712
571822
571822
190040
581554
528300
581554
266712
571822
266712
552350
426082
581554
581554
126458
266712
581554
203700
581554
579750
571822
345156
581554
426082
581554
571822
229140
416208
581554
581554
581554
516040
581554
581554
501204
395038
581554
262218
581554
512164
581554
368938
571822
581554
368778
365538
515348
581554
581554
581554
459128
453226
581554
581554
576992
389234
581554
581554
491806
499952
529354
581554
570594
380648
534250
446418
581554
214028
576992
581554
337990
266712
581554
581554
581554
581554
581554
446418
345156
576992
571822
512164
198616
581554
490188
581554
82388
581554
203700
581554
581554
581554
474488
453226
548704
581554
581554
528300
581554
581554
150158
581554
571822
581554
581554
521010
266712
581554
365538
581554
529354
507422
581554
581554
512164
515348
581554
538604
558298
560862
512180
581554
581554
141128
576992
581554
581554
581554
581554
581554
530894
581554
576416
581554
266712
581554
361642
576992
396842
581554
570594
581554
581554
581554
581554
581554
163992
581554
581554
240402
581554
579750
570594
469160
581554
581554
107246
266712
517340
289516
581554
581554
581554
581554
266712
228264
581554
581554
229140
570594
571822
160456
240402
355664
426082
581554
461938
581554
560862
581554
528300
-25378
581554
581554
581554
581554
581554
568790
471516
581554
479558
266712
414984
581554
512164
581554
581554
570594
266712
528300
528300
581554
581554
266712
558298
345156
456222
581554
414984
581554
581554
581554
476998
530894
579750
266712
507638
402788
581554
99154
516434
518230
194458
538604
581554
581554
356476
392280
571822
581554
581554
524544
581554
353726
581554
581554
203700
581554
571822
581554
581554
581554
581554
439742
501608
266712
581554
570594
581554
70490
581554
581554
581554
426082
579750
581554
214788
550546
581554
579750
571822
581554
519192
563220
581554
196730
581554
581554
581554
570594
538604
581554
581554
289516
214788
581554
581554
581554
581554
581554
581554
231530
380648
581554
538604
581554
581554
581554
581554
581554
581554
317154
581554
581554
581554
518394
570594
570594
338906
133836
581554
581554
581554
581554
456222
581554
581554
581554
581554
456222
-42090
581554
581554
576992
581554
266712
581554
266712
581554
392894
530894
266712
407748
527656
581554
581554
581554
339754
581554
576992
542396
438682
581554
266712
581554
581554
581554
581554
581554
581554
581554
568790
571822
266712
581554
581554
581554
225180
581554
266712
82754
203700
124028
266712
456222
571822
191532
581554
581554
581554
266712
581554
581554
118648
537198
579750
581554
458568
552350
581554
509382
530894
581554
538604
581554
324086
266712
579750
581554
581554
241262
581554
581554
203700
581554
581554
581554
581554
521010
581554
581554
581554
581554
327468
203700
399820
581554
570594
581554
581554
507638
581554
581554
396842
581554
581554
190692
581554
221340
581554
278086
581554
581554
581554
560862
579750
581554
581554
266712
581554
423488
426082
581554
581554
581554
581554
581554
581554
571822
571822
581554
203700
521010
581554
262218
581554
479558
581554
392894
266712
581554
571822
571822
581554
568790